2022/01/27 09:05:34 [notice] 1#1: using the "epoll" event method
2022/01/27 09:05:34 [notice] 1#1: nginx/1.21.4
2022/01/27 09:05:34 [notice] 1#1: built by gcc 10.2.1 20210110 (Debian 10.2.1-6) 
2022/01/27 09:05:34 [notice] 1#1: OS: Linux 5.10.76-linuxkit
2022/01/27 09:05:34 [notice] 1#1: getrlimit(RLIMIT_NOFILE): 1048576:1048576
2022/01/27 09:05:34 [notice] 1#1: start worker processes
2022/01/27 09:05:34 [notice] 1#1: start worker process 22
2022/01/27 09:05:34 [notice] 1#1: start worker process 23
2022/01/27 09:05:34 [notice] 1#1: start worker process 24
2022/01/27 09:05:34 [notice] 1#1: start worker process 25
2022/01/27 09:05:34 [notice] 1#1: start worker process 26
2022/01/27 09:05:34 [notice] 1#1: start worker process 27
2022/01/27 09:05:34 [notice] 1#1: start worker process 28
2022/01/27 09:05:34 [notice] 1#1: start worker process 29
2022/01/27 09:17:53 [notice] 1#1: signal 3 (SIGQUIT) received, shutting down
2022/01/27 09:17:53 [notice] 22#22: gracefully shutting down
2022/01/27 09:17:53 [notice] 23#23: gracefully shutting down
2022/01/27 09:17:53 [notice] 24#24: gracefully shutting down
2022/01/27 09:17:53 [notice] 25#25: gracefully shutting down
2022/01/27 09:17:53 [notice] 26#26: gracefully shutting down
2022/01/27 09:17:53 [notice] 27#27: gracefully shutting down
2022/01/27 09:17:53 [notice] 29#29: gracefully shutting down
2022/01/27 09:17:53 [notice] 28#28: gracefully shutting down
2022/01/27 09:17:53 [notice] 22#22: exiting
2022/01/27 09:17:53 [notice] 23#23: exiting
2022/01/27 09:17:53 [notice] 24#24: exiting
2022/01/27 09:17:53 [notice] 25#25: exiting
2022/01/27 09:17:53 [notice] 26#26: exiting
2022/01/27 09:17:53 [notice] 27#27: exiting
2022/01/27 09:17:53 [notice] 29#29: exiting
2022/01/27 09:17:53 [notice] 28#28: exiting
2022/01/27 09:17:53 [notice] 22#22: exit
2022/01/27 09:17:53 [notice] 23#23: exit
2022/01/27 09:17:53 [notice] 24#24: exit
2022/01/27 09:17:53 [notice] 25#25: exit
2022/01/27 09:17:53 [notice] 26#26: exit
2022/01/27 09:17:53 [notice] 27#27: exit
2022/01/27 09:17:53 [notice] 29#29: exit
2022/01/27 09:17:53 [notice] 28#28: exit
2022/01/27 09:17:53 [notice] 1#1: signal 17 (SIGCHLD) received from 26
2022/01/27 09:17:53 [notice] 1#1: worker process 26 exited with code 0
2022/01/27 09:17:53 [notice] 1#1: worker process 28 exited with code 0
2022/01/27 09:17:53 [notice] 1#1: signal 29 (SIGIO) received
2022/01/27 09:17:53 [notice] 1#1: signal 17 (SIGCHLD) received from 28
2022/01/27 09:17:53 [notice] 1#1: signal 17 (SIGCHLD) received from 22
2022/01/27 09:17:53 [notice] 1#1: worker process 22 exited with code 0
2022/01/27 09:17:53 [notice] 1#1: worker process 23 exited with code 0
2022/01/27 09:17:53 [notice] 1#1: worker process 24 exited with code 0
2022/01/27 09:17:53 [notice] 1#1: worker process 25 exited with code 0
2022/01/27 09:17:53 [notice] 1#1: worker process 27 exited with code 0
2022/01/27 09:17:53 [notice] 1#1: worker process 29 exited with code 0
2022/01/27 09:17:53 [notice] 1#1: exit
2022/01/27 09:17:54 [notice] 1#1: using the "epoll" event method
2022/01/27 09:17:54 [notice] 1#1: nginx/1.21.4
2022/01/27 09:17:54 [notice] 1#1: built by gcc 10.2.1 20210110 (Debian 10.2.1-6) 
2022/01/27 09:17:54 [notice] 1#1: OS: Linux 5.10.76-linuxkit
2022/01/27 09:17:54 [notice] 1#1: getrlimit(RLIMIT_NOFILE): 1048576:1048576
2022/01/27 09:17:54 [notice] 1#1: start worker processes
2022/01/27 09:17:54 [notice] 1#1: start worker process 22
2022/01/27 09:17:54 [notice] 1#1: start worker process 23
2022/01/27 09:17:54 [notice] 1#1: start worker process 24
2022/01/27 09:17:54 [notice] 1#1: start worker process 25
2022/01/27 09:17:54 [notice] 1#1: start worker process 26
2022/01/27 09:17:54 [notice] 1#1: start worker process 27
2022/01/27 09:17:54 [notice] 1#1: start worker process 28
2022/01/27 09:17:54 [notice] 1#1: start worker process 29
2022/01/27 09:19:09 [notice] 1#1: signal 3 (SIGQUIT) received, shutting down
2022/01/27 09:19:09 [notice] 22#22: gracefully shutting down
2022/01/27 09:19:09 [notice] 23#23: gracefully shutting down
2022/01/27 09:19:09 [notice] 24#24: gracefully shutting down
2022/01/27 09:19:09 [notice] 24#24: exiting
2022/01/27 09:19:09 [notice] 25#25: gracefully shutting down
2022/01/27 09:19:09 [notice] 25#25: exiting
2022/01/27 09:19:09 [notice] 26#26: gracefully shutting down
2022/01/27 09:19:09 [notice] 27#27: gracefully shutting down
2022/01/27 09:19:09 [notice] 28#28: gracefully shutting down
2022/01/27 09:19:09 [notice] 29#29: gracefully shutting down
2022/01/27 09:19:09 [notice] 22#22: exiting
2022/01/27 09:19:09 [notice] 23#23: exiting
2022/01/27 09:19:09 [notice] 24#24: exit
2022/01/27 09:19:09 [notice] 25#25: exit
2022/01/27 09:19:09 [notice] 26#26: exiting
2022/01/27 09:19:09 [notice] 27#27: exiting
2022/01/27 09:19:09 [notice] 28#28: exiting
2022/01/27 09:19:09 [notice] 29#29: exiting
2022/01/27 09:19:09 [notice] 22#22: exit
2022/01/27 09:19:09 [notice] 23#23: exit
2022/01/27 09:19:09 [notice] 26#26: exit
2022/01/27 09:19:09 [notice] 27#27: exit
2022/01/27 09:19:09 [notice] 28#28: exit
2022/01/27 09:19:09 [notice] 29#29: exit
2022/01/27 09:19:09 [notice] 1#1: signal 17 (SIGCHLD) received from 25
2022/01/27 09:19:09 [notice] 1#1: worker process 24 exited with code 0
2022/01/27 09:19:09 [notice] 1#1: worker process 25 exited with code 0
2022/01/27 09:19:09 [notice] 1#1: signal 29 (SIGIO) received
2022/01/27 09:19:09 [notice] 1#1: signal 17 (SIGCHLD) received from 23
2022/01/27 09:19:09 [notice] 1#1: worker process 22 exited with code 0
2022/01/27 09:19:09 [notice] 1#1: worker process 23 exited with code 0
2022/01/27 09:19:09 [notice] 1#1: worker process 26 exited with code 0
2022/01/27 09:19:09 [notice] 1#1: worker process 27 exited with code 0
2022/01/27 09:19:09 [notice] 1#1: worker process 28 exited with code 0
2022/01/27 09:19:09 [notice] 1#1: signal 29 (SIGIO) received
2022/01/27 09:19:09 [notice] 1#1: signal 17 (SIGCHLD) received from 29
2022/01/27 09:19:09 [notice] 1#1: worker process 29 exited with code 0
2022/01/27 09:19:09 [notice] 1#1: exit
2022/01/27 09:19:10 [notice] 1#1: using the "epoll" event method
2022/01/27 09:19:10 [notice] 1#1: nginx/1.21.4
2022/01/27 09:19:10 [notice] 1#1: built by gcc 10.2.1 20210110 (Debian 10.2.1-6) 
2022/01/27 09:19:10 [notice] 1#1: OS: Linux 5.10.76-linuxkit
2022/01/27 09:19:10 [notice] 1#1: getrlimit(RLIMIT_NOFILE): 1048576:1048576
2022/01/27 09:19:10 [notice] 1#1: start worker processes
2022/01/27 09:19:10 [notice] 1#1: start worker process 22
2022/01/27 09:19:10 [notice] 1#1: start worker process 23
2022/01/27 09:19:10 [notice] 1#1: start worker process 24
2022/01/27 09:19:10 [notice] 1#1: start worker process 25
2022/01/27 09:19:10 [notice] 1#1: start worker process 26
2022/01/27 09:19:10 [notice] 1#1: start worker process 27
2022/01/27 09:19:10 [notice] 1#1: start worker process 28
2022/01/27 09:19:10 [notice] 1#1: start worker process 29
2022/01/27 14:17:38 [notice] 25#25: signal 15 (SIGTERM) received, exiting
2022/02/10 09:00:12 [notice] 1#1: using the "epoll" event method
2022/02/10 09:00:12 [notice] 1#1: nginx/1.21.4
2022/02/10 09:00:12 [notice] 1#1: built by gcc 10.2.1 20210110 (Debian 10.2.1-6) 
2022/02/10 09:00:12 [notice] 1#1: OS: Linux 5.10.76-linuxkit
2022/02/10 09:00:12 [notice] 1#1: getrlimit(RLIMIT_NOFILE): 1048576:1048576
2022/02/10 09:00:12 [notice] 1#1: start worker processes
2022/02/10 09:00:12 [notice] 1#1: start worker process 23
2022/02/10 09:00:12 [notice] 1#1: start worker process 24
2022/02/10 09:00:12 [notice] 1#1: start worker process 25
2022/02/10 09:00:12 [notice] 1#1: start worker process 26
2022/02/10 09:00:12 [notice] 1#1: start worker process 27
2022/02/10 09:00:12 [notice] 1#1: start worker process 28
2022/02/10 09:00:12 [notice] 1#1: start worker process 29
2022/02/10 09:00:12 [notice] 1#1: start worker process 30
2022/02/10 09:00:19 [notice] 1#1: signal 3 (SIGQUIT) received, shutting down
2022/02/10 09:00:19 [notice] 23#23: gracefully shutting down
2022/02/10 09:00:19 [notice] 24#24: gracefully shutting down
2022/02/10 09:00:19 [notice] 25#25: gracefully shutting down
2022/02/10 09:00:19 [notice] 26#26: gracefully shutting down
2022/02/10 09:00:19 [notice] 28#28: gracefully shutting down
2022/02/10 09:00:19 [notice] 27#27: gracefully shutting down
2022/02/10 09:00:19 [notice] 29#29: gracefully shutting down
2022/02/10 09:00:19 [notice] 30#30: gracefully shutting down
2022/02/10 09:00:19 [notice] 23#23: exiting
2022/02/10 09:00:19 [notice] 24#24: exiting
2022/02/10 09:00:19 [notice] 25#25: exiting
2022/02/10 09:00:19 [notice] 26#26: exiting
2022/02/10 09:00:19 [notice] 28#28: exiting
2022/02/10 09:00:19 [notice] 27#27: exiting
2022/02/10 09:00:19 [notice] 29#29: exiting
2022/02/10 09:00:19 [notice] 30#30: exiting
2022/02/10 09:00:19 [notice] 23#23: exit
2022/02/10 09:00:19 [notice] 24#24: exit
2022/02/10 09:00:19 [notice] 25#25: exit
2022/02/10 09:00:19 [notice] 26#26: exit
2022/02/10 09:00:19 [notice] 28#28: exit
2022/02/10 09:00:19 [notice] 27#27: exit
2022/02/10 09:00:19 [notice] 29#29: exit
2022/02/10 09:00:19 [notice] 30#30: exit
2022/02/10 09:00:19 [notice] 1#1: signal 17 (SIGCHLD) received from 24
2022/02/10 09:00:19 [notice] 1#1: worker process 24 exited with code 0
2022/02/10 09:00:19 [notice] 1#1: signal 29 (SIGIO) received
2022/02/10 09:00:19 [notice] 1#1: signal 17 (SIGCHLD) received from 23
2022/02/10 09:00:19 [notice] 1#1: worker process 23 exited with code 0
2022/02/10 09:00:19 [notice] 1#1: worker process 25 exited with code 0
2022/02/10 09:00:19 [notice] 1#1: signal 29 (SIGIO) received
2022/02/10 09:00:19 [notice] 1#1: signal 17 (SIGCHLD) received from 25
2022/02/10 09:00:19 [notice] 1#1: worker process 26 exited with code 0
2022/02/10 09:00:19 [notice] 1#1: signal 29 (SIGIO) received
2022/02/10 09:00:19 [notice] 1#1: signal 17 (SIGCHLD) received from 26
2022/02/10 09:00:19 [notice] 1#1: worker process 29 exited with code 0
2022/02/10 09:00:19 [notice] 1#1: signal 29 (SIGIO) received
2022/02/10 09:00:19 [notice] 1#1: signal 17 (SIGCHLD) received from 29
2022/02/10 09:00:19 [notice] 1#1: signal 17 (SIGCHLD) received from 27
2022/02/10 09:00:19 [notice] 1#1: worker process 27 exited with code 0
2022/02/10 09:00:19 [notice] 1#1: worker process 30 exited with code 0
2022/02/10 09:00:19 [notice] 1#1: signal 29 (SIGIO) received
2022/02/10 09:00:19 [notice] 1#1: signal 17 (SIGCHLD) received from 30
2022/02/10 09:00:19 [notice] 1#1: worker process 28 exited with code 0
2022/02/10 09:00:19 [notice] 1#1: exit
2022/02/11 06:24:48 [notice] 1#1: using the "epoll" event method
2022/02/11 06:24:48 [notice] 1#1: nginx/1.21.4
2022/02/11 06:24:48 [notice] 1#1: built by gcc 10.2.1 20210110 (Debian 10.2.1-6) 
2022/02/11 06:24:48 [notice] 1#1: OS: Linux 5.10.76-linuxkit
2022/02/11 06:24:48 [notice] 1#1: getrlimit(RLIMIT_NOFILE): 1048576:1048576
2022/02/11 06:24:48 [notice] 1#1: start worker processes
2022/02/11 06:24:48 [notice] 1#1: start worker process 23
2022/02/11 06:24:48 [notice] 1#1: start worker process 24
2022/02/11 06:24:48 [notice] 1#1: start worker process 25
2022/02/11 06:24:48 [notice] 1#1: start worker process 26
2022/02/11 06:24:48 [notice] 1#1: start worker process 27
2022/02/11 06:24:48 [notice] 1#1: start worker process 28
2022/02/11 06:24:48 [notice] 1#1: start worker process 29
2022/02/11 06:24:48 [notice] 1#1: start worker process 30
2022/02/11 06:24:53 [notice] 1#1: signal 3 (SIGQUIT) received, shutting down
2022/02/11 06:24:53 [notice] 23#23: gracefully shutting down
2022/02/11 06:24:53 [notice] 24#24: gracefully shutting down
2022/02/11 06:24:53 [notice] 25#25: gracefully shutting down
2022/02/11 06:24:53 [notice] 25#25: exiting
2022/02/11 06:24:53 [notice] 26#26: gracefully shutting down
2022/02/11 06:24:53 [notice] 26#26: exiting
2022/02/11 06:24:53 [notice] 27#27: gracefully shutting down
2022/02/11 06:24:53 [notice] 27#27: exiting
2022/02/11 06:24:53 [notice] 30#30: gracefully shutting down
2022/02/11 06:24:53 [notice] 29#29: gracefully shutting down
2022/02/11 06:24:53 [notice] 29#29: exiting
2022/02/11 06:24:53 [notice] 28#28: gracefully shutting down
2022/02/11 06:24:53 [notice] 23#23: exiting
2022/02/11 06:24:53 [notice] 24#24: exiting
2022/02/11 06:24:53 [notice] 25#25: exit
2022/02/11 06:24:53 [notice] 26#26: exit
2022/02/11 06:24:53 [notice] 27#27: exit
2022/02/11 06:24:53 [notice] 30#30: exiting
2022/02/11 06:24:53 [notice] 29#29: exit
2022/02/11 06:24:53 [notice] 28#28: exiting
2022/02/11 06:24:53 [notice] 23#23: exit
2022/02/11 06:24:53 [notice] 24#24: exit
2022/02/11 06:24:53 [notice] 30#30: exit
2022/02/11 06:24:53 [notice] 28#28: exit
2022/02/11 06:24:53 [notice] 1#1: signal 17 (SIGCHLD) received from 25
2022/02/11 06:24:53 [notice] 1#1: worker process 25 exited with code 0
2022/02/11 06:24:53 [notice] 1#1: signal 29 (SIGIO) received
2022/02/11 06:24:53 [notice] 1#1: signal 17 (SIGCHLD) received from 27
2022/02/11 06:24:53 [notice] 1#1: worker process 24 exited with code 0
2022/02/11 06:24:53 [notice] 1#1: worker process 26 exited with code 0
2022/02/11 06:24:53 [notice] 1#1: worker process 27 exited with code 0
2022/02/11 06:24:53 [notice] 1#1: signal 29 (SIGIO) received
2022/02/11 06:24:53 [notice] 1#1: signal 17 (SIGCHLD) received from 23
2022/02/11 06:24:53 [notice] 1#1: worker process 23 exited with code 0
2022/02/11 06:24:53 [notice] 1#1: signal 29 (SIGIO) received
2022/02/11 06:24:53 [notice] 1#1: signal 17 (SIGCHLD) received from 29
2022/02/11 06:24:53 [notice] 1#1: worker process 29 exited with code 0
2022/02/11 06:24:53 [notice] 1#1: signal 17 (SIGCHLD) received from 28
2022/02/11 06:24:53 [notice] 1#1: worker process 28 exited with code 0
2022/02/11 06:24:53 [notice] 1#1: worker process 30 exited with code 0
2022/02/11 06:24:53 [notice] 1#1: signal 17 (SIGCHLD) received from 30
2022/02/11 06:24:53 [notice] 1#1: signal 29 (SIGIO) received
2022/02/11 06:24:53 [notice] 1#1: exit
2022/02/11 07:57:11 [notice] 1#1: using the "epoll" event method
2022/02/11 07:57:11 [notice] 1#1: nginx/1.21.4
2022/02/11 07:57:11 [notice] 1#1: built by gcc 10.2.1 20210110 (Debian 10.2.1-6) 
2022/02/11 07:57:11 [notice] 1#1: OS: Linux 5.10.76-linuxkit
2022/02/11 07:57:11 [notice] 1#1: getrlimit(RLIMIT_NOFILE): 1048576:1048576
2022/02/11 07:57:11 [notice] 1#1: start worker processes
2022/02/11 07:57:11 [notice] 1#1: start worker process 22
2022/02/11 07:57:11 [notice] 1#1: start worker process 23
2022/02/11 07:57:11 [notice] 1#1: start worker process 24
2022/02/11 07:57:11 [notice] 1#1: start worker process 25
2022/02/11 07:57:11 [notice] 1#1: start worker process 26
2022/02/11 07:57:11 [notice] 1#1: start worker process 27
2022/02/11 07:57:11 [notice] 1#1: start worker process 28
2022/02/11 07:57:11 [notice] 1#1: start worker process 29
2022/02/11 07:57:22 [notice] 1#1: signal 3 (SIGQUIT) received, shutting down
2022/02/11 07:57:22 [notice] 22#22: gracefully shutting down
2022/02/11 07:57:22 [notice] 22#22: exiting
2022/02/11 07:57:22 [notice] 23#23: gracefully shutting down
2022/02/11 07:57:22 [notice] 23#23: exiting
2022/02/11 07:57:22 [notice] 24#24: gracefully shutting down
2022/02/11 07:57:22 [notice] 25#25: gracefully shutting down
2022/02/11 07:57:22 [notice] 26#26: gracefully shutting down
2022/02/11 07:57:22 [notice] 26#26: exiting
2022/02/11 07:57:22 [notice] 27#27: gracefully shutting down
2022/02/11 07:57:22 [notice] 28#28: gracefully shutting down
2022/02/11 07:57:22 [notice] 29#29: gracefully shutting down
2022/02/11 07:57:22 [notice] 22#22: exit
2022/02/11 07:57:22 [notice] 23#23: exit
2022/02/11 07:57:22 [notice] 24#24: exiting
2022/02/11 07:57:22 [notice] 25#25: exiting
2022/02/11 07:57:22 [notice] 26#26: exit
2022/02/11 07:57:22 [notice] 27#27: exiting
2022/02/11 07:57:22 [notice] 28#28: exiting
2022/02/11 07:57:22 [notice] 29#29: exiting
2022/02/11 07:57:22 [notice] 24#24: exit
2022/02/11 07:57:22 [notice] 25#25: exit
2022/02/11 07:57:22 [notice] 27#27: exit
2022/02/11 07:57:22 [notice] 28#28: exit
2022/02/11 07:57:22 [notice] 29#29: exit
2022/02/11 07:57:22 [notice] 1#1: signal 17 (SIGCHLD) received from 23
2022/02/11 07:57:22 [notice] 1#1: worker process 23 exited with code 0
2022/02/11 07:57:22 [notice] 1#1: signal 29 (SIGIO) received
2022/02/11 07:57:22 [notice] 1#1: signal 17 (SIGCHLD) received from 22
2022/02/11 07:57:22 [notice] 1#1: worker process 22 exited with code 0
2022/02/11 07:57:22 [notice] 1#1: signal 29 (SIGIO) received
2022/02/11 07:57:22 [notice] 1#1: signal 17 (SIGCHLD) received from 25
2022/02/11 07:57:22 [notice] 1#1: worker process 24 exited with code 0
2022/02/11 07:57:22 [notice] 1#1: worker process 25 exited with code 0
2022/02/11 07:57:22 [notice] 1#1: worker process 27 exited with code 0
2022/02/11 07:57:22 [notice] 1#1: signal 17 (SIGCHLD) received from 28
2022/02/11 07:57:22 [notice] 1#1: worker process 26 exited with code 0
2022/02/11 07:57:22 [notice] 1#1: worker process 28 exited with code 0
2022/02/11 07:57:22 [notice] 1#1: signal 29 (SIGIO) received
2022/02/11 07:57:22 [notice] 1#1: signal 29 (SIGIO) received
2022/02/11 07:57:22 [notice] 1#1: signal 17 (SIGCHLD) received from 29
2022/02/11 07:57:22 [notice] 1#1: worker process 29 exited with code 0
2022/02/11 07:57:22 [notice] 1#1: exit
2022/02/22 16:18:44 [notice] 1#1: using the "epoll" event method
2022/02/22 16:18:44 [notice] 1#1: nginx/1.21.4
2022/02/22 16:18:44 [notice] 1#1: built by gcc 10.2.1 20210110 (Debian 10.2.1-6) 
2022/02/22 16:18:44 [notice] 1#1: OS: Linux 5.10.76-linuxkit
2022/02/22 16:18:44 [notice] 1#1: getrlimit(RLIMIT_NOFILE): 1048576:1048576
2022/02/22 16:18:44 [notice] 1#1: start worker processes
2022/02/22 16:18:44 [notice] 1#1: start worker process 23
2022/02/22 16:18:44 [notice] 1#1: start worker process 24
2022/02/22 16:18:44 [notice] 1#1: start worker process 25
2022/02/22 16:18:44 [notice] 1#1: start worker process 26
2022/02/22 16:18:44 [notice] 1#1: start worker process 27
2022/02/22 16:18:44 [notice] 1#1: start worker process 28
2022/02/22 16:18:44 [notice] 1#1: start worker process 29
2022/02/22 16:18:44 [notice] 1#1: start worker process 30
2022/02/22 20:54:13 [notice] 1#1: signal 3 (SIGQUIT) received, shutting down
2022/02/22 20:54:13 [notice] 25#25: gracefully shutting down
2022/02/22 20:54:13 [notice] 27#27: gracefully shutting down
2022/02/22 20:54:13 [notice] 26#26: gracefully shutting down
2022/02/22 20:54:13 [notice] 23#23: gracefully shutting down
2022/02/22 20:54:13 [notice] 29#29: gracefully shutting down
2022/02/22 20:54:13 [notice] 29#29: exiting
2022/02/22 20:54:13 [notice] 30#30: gracefully shutting down
2022/02/22 20:54:13 [notice] 24#24: gracefully shutting down
2022/02/22 20:54:13 [notice] 24#24: exiting
2022/02/22 20:54:13 [notice] 28#28: gracefully shutting down
2022/02/22 20:54:13 [notice] 25#25: exiting
2022/02/22 20:54:13 [notice] 27#27: exiting
2022/02/22 20:54:13 [notice] 26#26: exiting
2022/02/22 20:54:13 [notice] 23#23: exiting
2022/02/22 20:54:13 [notice] 29#29: exit
2022/02/22 20:54:13 [notice] 30#30: exiting
2022/02/22 20:54:13 [notice] 24#24: exit
2022/02/22 20:54:13 [notice] 28#28: exiting
2022/02/22 20:54:13 [notice] 25#25: exit
2022/02/22 20:54:13 [notice] 27#27: exit
2022/02/22 20:54:13 [notice] 26#26: exit
2022/02/22 20:54:13 [notice] 23#23: exit
2022/02/22 20:54:13 [notice] 30#30: exit
2022/02/22 20:54:13 [notice] 28#28: exit
2022/02/22 20:54:13 [notice] 1#1: signal 17 (SIGCHLD) received from 29
2022/02/22 20:54:13 [notice] 1#1: worker process 29 exited with code 0
2022/02/22 20:54:13 [notice] 1#1: signal 29 (SIGIO) received
2022/02/22 20:54:13 [notice] 1#1: signal 17 (SIGCHLD) received from 24
2022/02/22 20:54:13 [notice] 1#1: worker process 24 exited with code 0
2022/02/22 20:54:13 [notice] 1#1: worker process 25 exited with code 0
2022/02/22 20:54:13 [notice] 1#1: worker process 26 exited with code 0
2022/02/22 20:54:13 [notice] 1#1: signal 29 (SIGIO) received
2022/02/22 20:54:13 [notice] 1#1: signal 17 (SIGCHLD) received from 26
2022/02/22 20:54:13 [notice] 1#1: signal 17 (SIGCHLD) received from 23
2022/02/22 20:54:13 [notice] 1#1: worker process 23 exited with code 0
2022/02/22 20:54:13 [notice] 1#1: signal 29 (SIGIO) received
2022/02/22 20:54:13 [notice] 1#1: signal 17 (SIGCHLD) received from 27
2022/02/22 20:54:13 [notice] 1#1: worker process 27 exited with code 0
2022/02/22 20:54:13 [notice] 1#1: signal 29 (SIGIO) received
2022/02/22 20:54:13 [notice] 1#1: signal 17 (SIGCHLD) received from 30
2022/02/22 20:54:13 [notice] 1#1: worker process 30 exited with code 0
2022/02/22 20:54:13 [notice] 1#1: signal 29 (SIGIO) received
2022/02/22 20:54:13 [notice] 1#1: signal 17 (SIGCHLD) received from 28
2022/02/22 20:54:13 [notice] 1#1: worker process 28 exited with code 0
2022/02/22 20:54:13 [notice] 1#1: exit
2022/03/01 19:06:07 [notice] 1#1: using the "epoll" event method
2022/03/01 19:06:07 [notice] 1#1: nginx/1.21.4
2022/03/01 19:06:07 [notice] 1#1: built by gcc 10.2.1 20210110 (Debian 10.2.1-6) 
2022/03/01 19:06:07 [notice] 1#1: OS: Linux 5.10.76-linuxkit
2022/03/01 19:06:07 [notice] 1#1: getrlimit(RLIMIT_NOFILE): 1048576:1048576
2022/03/01 19:06:07 [notice] 1#1: start worker processes
2022/03/01 19:06:07 [notice] 1#1: start worker process 22
2022/03/01 19:06:07 [notice] 1#1: start worker process 23
2022/03/01 19:06:07 [notice] 1#1: start worker process 24
2022/03/01 19:06:07 [notice] 1#1: start worker process 25
2022/03/01 19:06:07 [notice] 1#1: start worker process 26
2022/03/01 19:06:07 [notice] 1#1: start worker process 27
2022/03/01 19:06:07 [notice] 1#1: start worker process 28
2022/03/01 19:06:07 [notice] 1#1: start worker process 29
2022/03/01 20:49:27 [notice] 26#26: signal 15 (SIGTERM) received, exiting
2022/03/01 20:49:27 [notice] 26#26: exiting
2022/03/01 20:49:27 [notice] 27#27: signal 15 (SIGTERM) received, exiting
2022/03/01 20:49:27 [notice] 22#22: signal 15 (SIGTERM) received, exiting
2022/03/01 20:49:27 [notice] 22#22: exiting
2022/03/01 20:49:27 [notice] 23#23: signal 15 (SIGTERM) received, exiting
2022/03/01 20:49:27 [notice] 23#23: exiting
2022/03/03 18:40:41 [notice] 1#1: using the "epoll" event method
2022/03/03 18:40:41 [notice] 1#1: nginx/1.21.4
2022/03/03 18:40:41 [notice] 1#1: built by gcc 10.2.1 20210110 (Debian 10.2.1-6) 
2022/03/03 18:40:41 [notice] 1#1: OS: Linux 5.10.76-linuxkit
2022/03/03 18:40:41 [notice] 1#1: getrlimit(RLIMIT_NOFILE): 1048576:1048576
2022/03/03 18:40:41 [notice] 1#1: start worker processes
2022/03/03 18:40:41 [notice] 1#1: start worker process 22
2022/03/03 18:40:41 [notice] 1#1: start worker process 23
2022/03/03 18:40:41 [notice] 1#1: start worker process 24
2022/03/03 18:40:41 [notice] 1#1: start worker process 25
2022/03/03 18:40:41 [notice] 1#1: start worker process 26
2022/03/03 18:40:41 [notice] 1#1: start worker process 27
2022/03/03 18:40:41 [notice] 1#1: start worker process 28
2022/03/03 18:40:41 [notice] 1#1: start worker process 29
2022/03/03 20:59:02 [notice] 1#1: signal 15 (SIGTERM) received, exiting
2022/03/03 20:59:02 [notice] 25#25: signal 15 (SIGTERM) received, exiting
2022/03/05 16:28:13 [notice] 1#1: using the "epoll" event method
2022/03/05 16:28:13 [notice] 1#1: nginx/1.21.4
2022/03/05 16:28:13 [notice] 1#1: built by gcc 10.2.1 20210110 (Debian 10.2.1-6) 
2022/03/05 16:28:13 [notice] 1#1: OS: Linux 5.10.76-linuxkit
2022/03/05 16:28:13 [notice] 1#1: getrlimit(RLIMIT_NOFILE): 1048576:1048576
2022/03/05 16:28:13 [notice] 1#1: start worker processes
2022/03/05 16:28:13 [notice] 1#1: start worker process 22
2022/03/05 16:28:13 [notice] 1#1: start worker process 23
2022/03/05 16:28:13 [notice] 1#1: start worker process 24
2022/03/05 16:28:13 [notice] 1#1: start worker process 25
2022/03/05 16:28:13 [notice] 1#1: start worker process 26
2022/03/05 16:28:13 [notice] 1#1: start worker process 27
2022/03/05 16:28:13 [notice] 1#1: start worker process 28
2022/03/05 16:28:13 [notice] 1#1: start worker process 29
2022/03/05 16:30:14 [notice] 24#24: signal 15 (SIGTERM) received, exiting
2022/03/05 16:53:26 [notice] 1#1: using the "epoll" event method
2022/03/05 16:53:26 [notice] 1#1: nginx/1.21.4
2022/03/05 16:53:26 [notice] 1#1: built by gcc 10.2.1 20210110 (Debian 10.2.1-6) 
2022/03/05 16:53:26 [notice] 1#1: OS: Linux 5.10.76-linuxkit
2022/03/05 16:53:26 [notice] 1#1: getrlimit(RLIMIT_NOFILE): 1048576:1048576
2022/03/05 16:53:26 [notice] 1#1: start worker processes
2022/03/05 16:53:26 [notice] 1#1: start worker process 23
2022/03/05 16:53:26 [notice] 1#1: start worker process 24
2022/03/05 16:53:26 [notice] 1#1: start worker process 25
2022/03/05 16:53:26 [notice] 1#1: start worker process 26
2022/03/05 16:53:26 [notice] 1#1: start worker process 27
2022/03/05 16:53:26 [notice] 1#1: start worker process 28
2022/03/05 16:53:26 [notice] 1#1: start worker process 29
2022/03/05 16:53:26 [notice] 1#1: start worker process 30
2022/03/05 21:59:24 [notice] 1#1: signal 3 (SIGQUIT) received, shutting down
2022/03/05 21:59:24 [notice] 23#23: gracefully shutting down
2022/03/05 21:59:24 [notice] 23#23: exiting
2022/03/05 21:59:24 [notice] 25#25: gracefully shutting down
2022/03/05 21:59:24 [notice] 24#24: gracefully shutting down
2022/03/05 21:59:24 [notice] 24#24: exiting
2022/03/05 21:59:24 [notice] 26#26: gracefully shutting down
2022/03/05 21:59:24 [notice] 28#28: gracefully shutting down
2022/03/05 21:59:24 [notice] 27#27: gracefully shutting down
2022/03/05 21:59:24 [notice] 27#27: exiting
2022/03/05 21:59:24 [notice] 29#29: gracefully shutting down
2022/03/05 21:59:24 [notice] 29#29: exiting
2022/03/05 21:59:24 [notice] 30#30: gracefully shutting down
2022/03/05 21:59:24 [notice] 23#23: exit
2022/03/05 21:59:24 [notice] 25#25: exiting
2022/03/05 21:59:24 [notice] 24#24: exit
2022/03/05 21:59:24 [notice] 26#26: exiting
2022/03/05 21:59:24 [notice] 28#28: exiting
2022/03/05 21:59:24 [notice] 27#27: exit
2022/03/05 21:59:24 [notice] 29#29: exit
2022/03/05 21:59:24 [notice] 30#30: exiting
2022/03/05 21:59:24 [notice] 30#30: exit
2022/03/05 21:59:24 [notice] 25#25: exit
2022/03/05 21:59:24 [notice] 26#26: exit
2022/03/05 21:59:24 [notice] 28#28: exit
2022/03/05 21:59:24 [notice] 1#1: signal 17 (SIGCHLD) received from 23
2022/03/05 21:59:24 [notice] 1#1: worker process 23 exited with code 0
2022/03/05 21:59:24 [notice] 1#1: signal 29 (SIGIO) received
2022/03/05 21:59:24 [notice] 1#1: signal 17 (SIGCHLD) received from 24
2022/03/05 21:59:24 [notice] 1#1: worker process 24 exited with code 0
2022/03/05 21:59:24 [notice] 1#1: signal 29 (SIGIO) received
2022/03/05 21:59:24 [notice] 1#1: signal 17 (SIGCHLD) received from 29
2022/03/05 21:59:24 [notice] 1#1: worker process 27 exited with code 0
2022/03/05 21:59:24 [notice] 1#1: worker process 29 exited with code 0
2022/03/05 21:59:24 [notice] 1#1: signal 29 (SIGIO) received
2022/03/05 21:59:24 [notice] 1#1: signal 17 (SIGCHLD) received from 27
2022/03/05 21:59:24 [notice] 1#1: signal 17 (SIGCHLD) received from 30
2022/03/05 21:59:24 [notice] 1#1: worker process 30 exited with code 0
2022/03/05 21:59:24 [notice] 1#1: signal 29 (SIGIO) received
2022/03/05 21:59:24 [notice] 1#1: signal 17 (SIGCHLD) received from 28
2022/03/05 21:59:24 [notice] 1#1: worker process 28 exited with code 0
2022/03/05 21:59:24 [notice] 1#1: signal 29 (SIGIO) received
2022/03/05 21:59:24 [notice] 1#1: signal 17 (SIGCHLD) received from 26
2022/03/05 21:59:24 [notice] 1#1: worker process 26 exited with code 0
2022/03/05 21:59:24 [notice] 1#1: signal 29 (SIGIO) received
2022/03/05 21:59:24 [notice] 1#1: signal 17 (SIGCHLD) received from 25
2022/03/05 21:59:24 [notice] 1#1: worker process 25 exited with code 0
2022/03/05 21:59:24 [notice] 1#1: exit
2022/03/06 07:11:48 [notice] 1#1: using the "epoll" event method
2022/03/06 07:11:48 [notice] 1#1: nginx/1.21.4
2022/03/06 07:11:48 [notice] 1#1: built by gcc 10.2.1 20210110 (Debian 10.2.1-6) 
2022/03/06 07:11:48 [notice] 1#1: OS: Linux 5.10.76-linuxkit
2022/03/06 07:11:48 [notice] 1#1: getrlimit(RLIMIT_NOFILE): 1048576:1048576
2022/03/06 07:11:48 [notice] 1#1: start worker processes
2022/03/06 07:11:48 [notice] 1#1: start worker process 22
2022/03/06 07:11:48 [notice] 1#1: start worker process 23
2022/03/06 07:11:48 [notice] 1#1: start worker process 24
2022/03/06 07:11:48 [notice] 1#1: start worker process 25
2022/03/06 07:11:48 [notice] 1#1: start worker process 26
2022/03/06 07:11:48 [notice] 1#1: start worker process 27
2022/03/06 07:11:48 [notice] 1#1: start worker process 28
2022/03/06 07:11:48 [notice] 1#1: start worker process 29
2022/03/06 10:35:33 [notice] 1#1: signal 15 (SIGTERM) received, exiting
2022/03/06 16:11:51 [notice] 1#1: using the "epoll" event method
2022/03/06 16:11:51 [notice] 1#1: nginx/1.21.4
2022/03/06 16:11:51 [notice] 1#1: built by gcc 10.2.1 20210110 (Debian 10.2.1-6) 
2022/03/06 16:11:51 [notice] 1#1: OS: Linux 5.10.76-linuxkit
2022/03/06 16:11:51 [notice] 1#1: getrlimit(RLIMIT_NOFILE): 1048576:1048576
2022/03/06 16:11:51 [notice] 1#1: start worker processes
2022/03/06 16:11:51 [notice] 1#1: start worker process 24
2022/03/06 16:11:51 [notice] 1#1: start worker process 25
2022/03/06 16:11:51 [notice] 1#1: start worker process 26
2022/03/06 16:11:51 [notice] 1#1: start worker process 27
2022/03/06 16:11:51 [notice] 1#1: start worker process 28
2022/03/06 16:11:51 [notice] 1#1: start worker process 29
2022/03/06 16:11:51 [notice] 1#1: start worker process 30
2022/03/06 16:11:51 [notice] 1#1: start worker process 31
2022/03/06 19:04:01 [notice] 1#1: signal 3 (SIGQUIT) received, shutting down
2022/03/06 19:04:01 [notice] 24#24: gracefully shutting down
2022/03/06 19:04:01 [notice] 25#25: gracefully shutting down
2022/03/06 19:04:01 [notice] 27#27: gracefully shutting down
2022/03/06 19:04:01 [notice] 26#26: gracefully shutting down
2022/03/06 19:04:01 [notice] 28#28: gracefully shutting down
2022/03/06 19:04:01 [notice] 30#30: gracefully shutting down
2022/03/06 19:04:01 [notice] 29#29: gracefully shutting down
2022/03/06 19:04:01 [notice] 29#29: exiting
2022/03/06 19:04:01 [notice] 31#31: gracefully shutting down
2022/03/06 19:04:01 [notice] 24#24: exiting
2022/03/06 19:04:01 [notice] 25#25: exiting
2022/03/06 19:04:01 [notice] 27#27: exiting
2022/03/06 19:04:01 [notice] 26#26: exiting
2022/03/06 19:04:01 [notice] 28#28: exiting
2022/03/06 19:04:01 [notice] 30#30: exiting
2022/03/06 19:04:01 [notice] 29#29: exit
2022/03/06 19:04:01 [notice] 31#31: exiting
2022/03/06 19:04:01 [notice] 24#24: exit
2022/03/06 19:04:01 [notice] 25#25: exit
2022/03/06 19:04:01 [notice] 27#27: exit
2022/03/06 19:04:01 [notice] 26#26: exit
2022/03/06 19:04:01 [notice] 28#28: exit
2022/03/06 19:04:01 [notice] 30#30: exit
2022/03/06 19:04:01 [notice] 31#31: exit
2022/03/06 19:04:01 [notice] 1#1: signal 17 (SIGCHLD) received from 26
2022/03/06 19:04:01 [notice] 1#1: worker process 24 exited with code 0
2022/03/06 19:04:01 [notice] 1#1: worker process 25 exited with code 0
2022/03/06 19:04:01 [notice] 1#1: worker process 26 exited with code 0
2022/03/06 19:04:01 [notice] 1#1: worker process 28 exited with code 0
2022/03/06 19:04:01 [notice] 1#1: worker process 29 exited with code 0
2022/03/06 19:04:01 [notice] 1#1: signal 29 (SIGIO) received
2022/03/06 19:04:01 [notice] 1#1: signal 17 (SIGCHLD) received from 29
2022/03/06 19:04:01 [notice] 1#1: worker process 27 exited with code 0
2022/03/06 19:04:01 [notice] 1#1: signal 29 (SIGIO) received
2022/03/06 19:04:01 [notice] 1#1: signal 17 (SIGCHLD) received from 31
2022/03/06 19:04:01 [notice] 1#1: worker process 30 exited with code 0
2022/03/06 19:04:01 [notice] 1#1: worker process 31 exited with code 0
2022/03/06 19:04:01 [notice] 1#1: exit
2022/03/07 12:46:44 [notice] 1#1: using the "epoll" event method
2022/03/07 12:46:44 [notice] 1#1: nginx/1.21.4
2022/03/07 12:46:44 [notice] 1#1: built by gcc 10.2.1 20210110 (Debian 10.2.1-6) 
2022/03/07 12:46:44 [notice] 1#1: OS: Linux 5.10.76-linuxkit
2022/03/07 12:46:44 [notice] 1#1: getrlimit(RLIMIT_NOFILE): 1048576:1048576
2022/03/07 12:46:44 [notice] 1#1: start worker processes
2022/03/07 12:46:44 [notice] 1#1: start worker process 22
2022/03/07 12:46:44 [notice] 1#1: start worker process 23
2022/03/07 12:46:44 [notice] 1#1: start worker process 24
2022/03/07 12:46:44 [notice] 1#1: start worker process 25
2022/03/07 12:46:44 [notice] 1#1: start worker process 26
2022/03/07 12:46:44 [notice] 1#1: start worker process 27
2022/03/07 12:46:44 [notice] 1#1: start worker process 28
2022/03/07 12:46:44 [notice] 1#1: start worker process 29
2022/03/07 19:24:36 [notice] 22#22: signal 15 (SIGTERM) received, exiting
2022/03/07 19:24:36 [notice] 22#22: exiting
2022/03/07 19:24:36 [notice] 24#24: signal 15 (SIGTERM) received, exiting
2022/03/07 19:24:36 [notice] 29#29: signal 15 (SIGTERM) received, exiting
2022/03/07 19:24:36 [notice] 29#29: exiting
2022/03/07 19:24:36 [notice] 28#28: signal 15 (SIGTERM) received, exiting
2022/03/07 19:24:36 [notice] 28#28: exiting
2022/03/07 19:24:36 [notice] 1#1: signal 15 (SIGTERM) received, exiting
2022/03/07 19:24:36 [notice] 26#26: signal 15 (SIGTERM) received, exiting
2022/03/07 19:24:36 [notice] 26#26: exiting
2022/03/07 19:24:36 [notice] 27#27: signal 15 (SIGTERM) received, exiting
2022/03/07 19:24:36 [notice] 23#23: signal 15 (SIGTERM) received, exiting
2022/03/07 19:24:36 [notice] 23#23: exiting
2022/03/07 19:24:36 [notice] 25#25: signal 15 (SIGTERM) received, exiting
2022/03/07 19:24:36 [notice] 22#22: exit
2022/03/07 19:24:36 [notice] 24#24: exiting
2022/03/07 19:24:36 [notice] 29#29: exit
2022/03/07 19:24:36 [notice] 28#28: exit
2022/03/07 19:24:36 [notice] 26#26: exit
2022/03/07 19:24:36 [notice] 27#27: exiting
2022/03/07 19:24:36 [notice] 23#23: exit
2022/03/08 07:17:57 [notice] 1#1: using the "epoll" event method
2022/03/08 07:17:57 [notice] 1#1: nginx/1.21.4
2022/03/08 07:17:57 [notice] 1#1: built by gcc 10.2.1 20210110 (Debian 10.2.1-6) 
2022/03/08 07:17:57 [notice] 1#1: OS: Linux 5.10.76-linuxkit
2022/03/08 07:17:57 [notice] 1#1: getrlimit(RLIMIT_NOFILE): 1048576:1048576
2022/03/08 07:17:57 [notice] 1#1: start worker processes
2022/03/08 07:17:57 [notice] 1#1: start worker process 22
2022/03/08 07:17:57 [notice] 1#1: start worker process 23
2022/03/08 07:17:57 [notice] 1#1: start worker process 24
2022/03/08 07:17:57 [notice] 1#1: start worker process 25
2022/03/08 07:17:57 [notice] 1#1: start worker process 26
2022/03/08 07:17:57 [notice] 1#1: start worker process 27
2022/03/08 07:17:57 [notice] 1#1: start worker process 28
2022/03/08 07:17:57 [notice] 1#1: start worker process 29
2022/03/08 21:00:33 [notice] 22#22: signal 15 (SIGTERM) received, exiting
2022/03/08 21:00:33 [notice] 1#1: signal 15 (SIGTERM) received, exiting
2022/03/08 21:00:33 [notice] 25#25: signal 15 (SIGTERM) received, exiting
